<?xml version="1.0" encoding="UTF-8"?>
<!-- Generated by org.testng.reporters.JUnitXMLReporter -->
<testsuite ignored="5" hostname="A-AlZaareer" failures="0" tests="1" name="Default test" time="7.709" errors="0" timestamp="2025-03-24T11:53:10 EET">
  <testcase classname="AlmosaferWeb.MyTestCases" name="checkDepartureAndArrivalDate" time="0.144"/>
  <testcase classname="AlmosaferWeb.MyTestCases" name="checkTheContactNumber" time="0.0">
    <ignored/>
  </testcase> <!-- checkTheContactNumber -->
  <testcase classname="AlmosaferWeb.MyTestCases" name="checkTheCurrency" time="0.0">
    <ignored/>
  </testcase> <!-- checkTheCurrency -->
  <testcase classname="AlmosaferWeb.MyTestCases" name="checkTheLanguage" time="0.0">
    <ignored/>
  </testcase> <!-- checkTheLanguage -->
  <testcase classname="AlmosaferWeb.MyTestCases" name="checkHotelStatus" time="0.0">
    <ignored/>
  </testcase> <!-- checkHotelStatus -->
  <testcase classname="AlmosaferWeb.MyTestCases" name="checkLogo" time="0.0">
    <ignored/>
  </testcase> <!-- checkLogo -->
</testsuite> <!-- Default test -->
