<?xml version="1.0" encoding="UTF-8"?>
<testng-results ignored="5" total="6" passed="1" failed="0" skipped="0">
  <reporter-output>
  </reporter-output>
  <suite started-at="2025-03-24T11:53:02 EET" name="Default suite" finished-at="2025-03-24T11:53:10 EET" duration-ms="7709">
    <groups>
    </groups>
    <test started-at="2025-03-24T11:53:02 EET" name="Default test" finished-at="2025-03-24T11:53:10 EET" duration-ms="7709">
      <class name="AlmosaferWeb.MyTestCases">
        <test-method is-config="true" signature="setup()[pri:0, instance:AlmosaferWeb.MyTestCases@301ec38b]" started-at="2025-03-24T11:53:02 EET" name="setup" finished-at="2025-03-24T11:53:10 EET" duration-ms="7514" status="PASS">
          <reporter-output>
          </reporter-output>
        </test-method> <!-- setup -->
        <test-method signature="checkDepartureAndArrivalDate()[pri:0, instance:AlmosaferWeb.MyTestCases@301ec38b]" started-at="2025-03-24T11:53:10 EET" name="checkDepartureAndArrivalDate" finished-at="2025-03-24T11:53:10 EET" duration-ms="144" status="PASS">
          <reporter-output>
          </reporter-output>
        </test-method> <!-- checkDepartureAndArrivalDate -->
        <test-method is-config="true" signature="myAfterTest()[pri:0, instance:AlmosaferWeb.MyTestCases@301ec38b]" started-at="2025-03-24T11:53:10 EET" name="myAfterTest" finished-at="2025-03-24T11:53:10 EET" duration-ms="0" status="PASS">
          <reporter-output>
          </reporter-output>
        </test-method> <!-- myAfterTest -->
      </class> <!-- AlmosaferWeb.MyTestCases -->
    </test> <!-- Default test -->
  </suite> <!-- Default suite -->
</testng-results>
